mode: set
synonyms/internal/synonyms/ports/http/get_synonyms.go:19.48,22.54 2 0
synonyms/internal/synonyms/ports/http/get_synonyms.go:22.54,29.10 5 0
synonyms/internal/synonyms/ports/http/get_synonyms.go:50.3,57.17 4 0
synonyms/internal/synonyms/ports/http/get_synonyms.go:63.3,63.102 1 0
synonyms/internal/synonyms/ports/http/get_synonyms.go:30.19,30.19 0 0
synonyms/internal/synonyms/ports/http/get_synonyms.go:32.41,34.10 2 0
synonyms/internal/synonyms/ports/http/get_synonyms.go:35.49,37.10 2 0
synonyms/internal/synonyms/ports/http/get_synonyms.go:38.48,40.53 2 0
synonyms/internal/synonyms/ports/http/get_synonyms.go:41.45,43.51 2 0
synonyms/internal/synonyms/ports/http/get_synonyms.go:44.11,47.10 3 0
synonyms/internal/synonyms/ports/http/get_synonyms.go:57.17,61.4 3 0
synonyms/internal/synonyms/ports/http/post_synonyms.go:19.48,22.54 2 0
synonyms/internal/synonyms/ports/http/post_synonyms.go:22.54,27.66 4 0
synonyms/internal/synonyms/ports/http/post_synonyms.go:33.3,34.10 2 0
synonyms/internal/synonyms/ports/http/post_synonyms.go:52.3,53.102 2 0
synonyms/internal/synonyms/ports/http/post_synonyms.go:27.66,31.4 3 0
synonyms/internal/synonyms/ports/http/post_synonyms.go:35.19,35.19 0 0
synonyms/internal/synonyms/ports/http/post_synonyms.go:37.41,39.10 2 0
synonyms/internal/synonyms/ports/http/post_synonyms.go:40.49,42.10 2 0
synonyms/internal/synonyms/ports/http/post_synonyms.go:43.48,45.53 2 0
synonyms/internal/synonyms/ports/http/post_synonyms.go:46.11,49.10 3 0
synonyms/internal/synonyms/ports/http/routes.go:16.75,23.48 4 0
synonyms/internal/synonyms/ports/http/routes.go:27.2,27.49 1 0
synonyms/internal/synonyms/ports/http/routes.go:32.2,36.40 3 0
synonyms/internal/synonyms/ports/http/routes.go:41.2,41.10 1 0
synonyms/internal/synonyms/ports/http/routes.go:23.48,26.3 2 0
synonyms/internal/synonyms/ports/http/routes.go:27.49,30.3 2 0
synonyms/internal/synonyms/ports/http/routes.go:36.40,39.3 2 0
synonyms/internal/synonyms/repository/graph.go:15.24,20.2 1 0
synonyms/internal/synonyms/repository/graph.go:22.61,27.29 3 0
synonyms/internal/synonyms/repository/graph.go:30.2,30.27 1 0
synonyms/internal/synonyms/repository/graph.go:35.2,35.28 1 0
synonyms/internal/synonyms/repository/graph.go:27.29,29.3 1 0
synonyms/internal/synonyms/repository/graph.go:30.27,32.3 1 0
synonyms/internal/synonyms/repository/graph.go:38.73,42.29 3 0
synonyms/internal/synonyms/repository/graph.go:46.2,47.30 2 0
synonyms/internal/synonyms/repository/graph.go:51.2,51.19 1 0
synonyms/internal/synonyms/repository/graph.go:42.29,44.3 1 0
synonyms/internal/synonyms/repository/graph.go:47.30,49.3 1 0
synonyms/internal/synonyms/repository/graph.go:54.85,61.2 4 0
synonyms/internal/synonyms/repository/graph.go:65.21,67.23 1 0
synonyms/internal/synonyms/repository/graph.go:71.2,71.29 1 0
synonyms/internal/synonyms/repository/graph.go:75.2,78.30 3 0
synonyms/internal/synonyms/repository/graph.go:92.2,92.19 1 0
synonyms/internal/synonyms/repository/graph.go:67.23,69.3 1 0
synonyms/internal/synonyms/repository/graph.go:71.29,73.3 1 0
synonyms/internal/synonyms/repository/graph.go:78.30,80.33 1 0
synonyms/internal/synonyms/repository/graph.go:83.3,86.17 3 0
synonyms/internal/synonyms/repository/graph.go:89.3,89.31 1 0
synonyms/internal/synonyms/repository/graph.go:80.33,81.12 1 0
synonyms/internal/synonyms/repository/graph.go:86.17,88.4 1 0
synonyms/cmd/synonyms/config.go:13.26,23.2 2 0
synonyms/cmd/synonyms/config.go:25.62,26.40 1 0
synonyms/cmd/synonyms/config.go:29.2,29.21 1 0
synonyms/cmd/synonyms/config.go:26.40,28.3 1 0
synonyms/cmd/synonyms/config.go:32.68,38.40 2 0
synonyms/cmd/synonyms/config.go:43.2,43.21 1 0
synonyms/cmd/synonyms/config.go:38.40,39.68 1 0
synonyms/cmd/synonyms/config.go:39.68,41.4 1 0
synonyms/cmd/synonyms/main.go:20.13,23.16 2 0
synonyms/cmd/synonyms/main.go:26.2,48.12 10 0
synonyms/cmd/synonyms/main.go:60.2,68.45 4 0
synonyms/cmd/synonyms/main.go:72.2,72.25 1 0
synonyms/cmd/synonyms/main.go:23.16,25.3 1 0
synonyms/cmd/synonyms/main.go:48.12,50.10 2 0
synonyms/cmd/synonyms/main.go:51.19,51.19 0 0
synonyms/cmd/synonyms/main.go:53.45,54.32 1 0
synonyms/cmd/synonyms/main.go:55.11,56.57 1 0
synonyms/cmd/synonyms/main.go:68.45,70.3 1 0
synonyms/internal/synonyms/services/service.go:20.40,24.2 1 1
synonyms/internal/synonyms/services/service.go:26.84,29.20 2 1
synonyms/internal/synonyms/services/service.go:34.2,36.16 3 1
synonyms/internal/synonyms/services/service.go:40.2,40.22 1 1
synonyms/internal/synonyms/services/service.go:29.20,31.3 1 1
synonyms/internal/synonyms/services/service.go:36.16,38.3 1 0
synonyms/internal/synonyms/services/service.go:43.81,46.20 2 1
synonyms/internal/synonyms/services/service.go:49.2,49.23 1 1
synonyms/internal/synonyms/services/service.go:53.2,56.12 3 1
synonyms/internal/synonyms/services/service.go:46.20,48.3 1 1
synonyms/internal/synonyms/services/service.go:49.23,51.3 1 1
synonyms/internal/synonyms/services/service.go:59.53,64.2 3 1
synonyms/internal/synonyms/ports/http/get_synonyms.go:19.48,22.54 2 0
synonyms/internal/synonyms/ports/http/get_synonyms.go:22.54,29.10 5 0
synonyms/internal/synonyms/ports/http/get_synonyms.go:50.3,57.17 4 0
synonyms/internal/synonyms/ports/http/get_synonyms.go:63.3,63.102 1 0
synonyms/internal/synonyms/ports/http/get_synonyms.go:30.19,30.19 0 0
synonyms/internal/synonyms/ports/http/get_synonyms.go:32.41,34.10 2 0
synonyms/internal/synonyms/ports/http/get_synonyms.go:35.49,37.10 2 0
synonyms/internal/synonyms/ports/http/get_synonyms.go:38.48,40.53 2 0
synonyms/internal/synonyms/ports/http/get_synonyms.go:41.45,43.51 2 0
synonyms/internal/synonyms/ports/http/get_synonyms.go:44.11,47.10 3 0
synonyms/internal/synonyms/ports/http/get_synonyms.go:57.17,61.4 3 0
synonyms/internal/synonyms/ports/http/post_synonyms.go:19.48,22.54 2 0
synonyms/internal/synonyms/ports/http/post_synonyms.go:22.54,27.66 4 0
synonyms/internal/synonyms/ports/http/post_synonyms.go:33.3,34.10 2 0
synonyms/internal/synonyms/ports/http/post_synonyms.go:52.3,53.102 2 0
synonyms/internal/synonyms/ports/http/post_synonyms.go:27.66,31.4 3 0
synonyms/internal/synonyms/ports/http/post_synonyms.go:35.19,35.19 0 0
synonyms/internal/synonyms/ports/http/post_synonyms.go:37.41,39.10 2 0
synonyms/internal/synonyms/ports/http/post_synonyms.go:40.49,42.10 2 0
synonyms/internal/synonyms/ports/http/post_synonyms.go:43.48,45.53 2 0
synonyms/internal/synonyms/ports/http/post_synonyms.go:46.11,49.10 3 0
synonyms/internal/synonyms/ports/http/routes.go:16.75,23.48 4 0
synonyms/internal/synonyms/ports/http/routes.go:27.2,27.49 1 0
synonyms/internal/synonyms/ports/http/routes.go:32.2,36.40 3 0
synonyms/internal/synonyms/ports/http/routes.go:41.2,41.10 1 0
synonyms/internal/synonyms/ports/http/routes.go:23.48,26.3 2 0
synonyms/internal/synonyms/ports/http/routes.go:27.49,30.3 2 0
synonyms/internal/synonyms/ports/http/routes.go:36.40,39.3 2 0
synonyms/internal/synonyms/services/service.go:20.40,24.2 1 0
synonyms/internal/synonyms/services/service.go:26.84,29.20 2 0
synonyms/internal/synonyms/services/service.go:34.2,36.16 3 0
synonyms/internal/synonyms/services/service.go:40.2,40.22 1 0
synonyms/internal/synonyms/services/service.go:29.20,31.3 1 0
synonyms/internal/synonyms/services/service.go:36.16,38.3 1 0
synonyms/internal/synonyms/services/service.go:43.81,46.20 2 0
synonyms/internal/synonyms/services/service.go:49.2,49.23 1 0
synonyms/internal/synonyms/services/service.go:53.2,56.12 3 0
synonyms/internal/synonyms/services/service.go:46.20,48.3 1 0
synonyms/internal/synonyms/services/service.go:49.23,51.3 1 0
synonyms/internal/synonyms/services/service.go:59.53,64.2 3 0
synonyms/cmd/synonyms/config.go:13.26,23.2 2 0
synonyms/cmd/synonyms/config.go:25.62,26.40 1 0
synonyms/cmd/synonyms/config.go:29.2,29.21 1 0
synonyms/cmd/synonyms/config.go:26.40,28.3 1 0
synonyms/cmd/synonyms/config.go:32.68,38.40 2 0
synonyms/cmd/synonyms/config.go:43.2,43.21 1 0
synonyms/cmd/synonyms/config.go:38.40,39.68 1 0
synonyms/cmd/synonyms/config.go:39.68,41.4 1 0
synonyms/cmd/synonyms/main.go:20.13,23.16 2 0
synonyms/cmd/synonyms/main.go:26.2,48.12 10 0
synonyms/cmd/synonyms/main.go:60.2,68.45 4 0
synonyms/cmd/synonyms/main.go:72.2,72.25 1 0
synonyms/cmd/synonyms/main.go:23.16,25.3 1 0
synonyms/cmd/synonyms/main.go:48.12,50.10 2 0
synonyms/cmd/synonyms/main.go:51.19,51.19 0 0
synonyms/cmd/synonyms/main.go:53.45,54.32 1 0
synonyms/cmd/synonyms/main.go:55.11,56.57 1 0
synonyms/cmd/synonyms/main.go:68.45,70.3 1 0
synonyms/internal/synonyms/repository/graph.go:15.24,20.2 1 1
synonyms/internal/synonyms/repository/graph.go:22.61,27.29 3 1
synonyms/internal/synonyms/repository/graph.go:30.2,30.27 1 1
synonyms/internal/synonyms/repository/graph.go:35.2,35.28 1 1
synonyms/internal/synonyms/repository/graph.go:27.29,29.3 1 1
synonyms/internal/synonyms/repository/graph.go:30.27,32.3 1 1
synonyms/internal/synonyms/repository/graph.go:38.73,42.29 3 1
synonyms/internal/synonyms/repository/graph.go:46.2,47.30 2 1
synonyms/internal/synonyms/repository/graph.go:51.2,51.19 1 1
synonyms/internal/synonyms/repository/graph.go:42.29,44.3 1 0
synonyms/internal/synonyms/repository/graph.go:47.30,49.3 1 1
synonyms/internal/synonyms/repository/graph.go:54.85,61.2 4 1
synonyms/internal/synonyms/repository/graph.go:65.21,67.23 1 1
synonyms/internal/synonyms/repository/graph.go:71.2,71.29 1 1
synonyms/internal/synonyms/repository/graph.go:75.2,78.30 3 1
synonyms/internal/synonyms/repository/graph.go:92.2,92.19 1 1
synonyms/internal/synonyms/repository/graph.go:67.23,69.3 1 1
synonyms/internal/synonyms/repository/graph.go:71.29,73.3 1 0
synonyms/internal/synonyms/repository/graph.go:78.30,80.33 1 1
synonyms/internal/synonyms/repository/graph.go:83.3,86.17 3 1
synonyms/internal/synonyms/repository/graph.go:89.3,89.31 1 1
synonyms/internal/synonyms/repository/graph.go:80.33,81.12 1 1
synonyms/internal/synonyms/repository/graph.go:86.17,88.4 1 0
